0 verbose cli /usr/bin/node /usr/bin/npm
1 info using npm@9.2.0
2 info using node@v20.19.2
3 timing npm:load:whichnode Completed in 0ms
4 timing config:load:defaults Completed in 0ms
5 timing config:load:file:/usr/share/nodejs/npm/npmrc Completed in 2ms
6 timing config:load:builtin Completed in 2ms
7 timing config:load:cli Completed in 0ms
8 timing config:load:env Completed in 0ms
9 timing config:load:project Completed in 5ms
10 timing config:load:file:/var/www/.npmrc Completed in 0ms
11 timing config:load:user Completed in 1ms
12 timing config:load:file:/etc/npmrc Completed in 0ms
13 timing config:load:global Completed in 0ms
14 timing config:load:setEnvs Completed in 0ms
15 timing config:load Completed in 9ms
16 timing npm:load:configload Completed in 10ms
17 timing npm:load:mkdirpcache Completed in 2ms
18 timing npm:load:mkdirplogs Completed in 2ms
19 verbose title npm install
20 verbose argv "install"
21 timing npm:load:setTitle Completed in 1ms
22 timing config:load:flatten Completed in 1ms
23 timing npm:load:display Completed in 1ms
24 verbose logfile logs-max:10 dir:/var/www/.npm/_logs/2025-12-26T08_18_50_958Z-
25 verbose logfile /var/www/.npm/_logs/2025-12-26T08_18_50_958Z-debug-0.log
26 timing npm:load:logFile Completed in 12ms
27 timing npm:load:timers Completed in 1ms
28 timing npm:load:configScope Completed in 0ms
29 timing npm:load Completed in 29ms
30 silly logfile done cleaning log files
31 timing config:load:flatten Completed in 0ms
32 timing arborist:ctor Completed in 1ms
33 timing idealTree:init Completed in 70ms
34 timing idealTree:userRequests Completed in 0ms
35 silly idealTree buildDeps
36 timing idealTree:#root Completed in 0ms
37 timing idealTree:node_modules/@tailwindcss/oxide-wasm32-wasi Completed in 0ms
38 timing idealTree:buildDeps Completed in 6ms
39 timing idealTree:fixDepFlags Completed in 0ms
40 timing idealTree Completed in 85ms
41 verbose shrinkwrap failed to load node_modules/.package-lock.json out of date, updated: node_modules
42 timing reify:loadTrees Completed in 446ms
43 timing reify:diffTrees Completed in 16ms
44 silly reify moves {}
45 timing reify:retireShallow Completed in 1ms
46 timing reify:createSparse Completed in 60ms
47 verbose reify failed optional dependency /var/www/node_modules/@tailwindcss/oxide-wasm32-wasi
48 silly reify mark deleted [ '/var/www/node_modules/@tailwindcss/oxide-wasm32-wasi' ]
49 timing reifyNode:node_modules/@tailwindcss/oxide-wasm32-wasi Completed in 2ms
50 timing arborist:ctor Completed in 0ms
51 timing reify:diffTrees Completed in 9ms
52 timing reify:loadBundles Completed in 22ms
53 silly audit bulk request {
53 silly audit   '@esbuild/aix-ppc64': [ '0.25.12' ],
53 silly audit   '@esbuild/android-arm': [ '0.25.12' ],
53 silly audit   '@esbuild/android-arm64': [ '0.25.12' ],
53 silly audit   '@esbuild/android-x64': [ '0.25.12' ],
53 silly audit   '@esbuild/darwin-arm64': [ '0.25.12' ],
53 silly audit   '@esbuild/darwin-x64': [ '0.25.12' ],
53 silly audit   '@esbuild/freebsd-arm64': [ '0.25.12' ],
53 silly audit   '@esbuild/freebsd-x64': [ '0.25.12' ],
53 silly audit   '@esbuild/linux-arm': [ '0.25.12' ],
53 silly audit   '@esbuild/linux-arm64': [ '0.25.12' ],
53 silly audit   '@esbuild/linux-ia32': [ '0.25.12' ],
53 silly audit   '@esbuild/linux-loong64': [ '0.25.12' ],
53 silly audit   '@esbuild/linux-mips64el': [ '0.25.12' ],
53 silly audit   '@esbuild/linux-ppc64': [ '0.25.12' ],
53 silly audit   '@esbuild/linux-riscv64': [ '0.25.12' ],
53 silly audit   '@esbuild/linux-s390x': [ '0.25.12' ],
53 silly audit   '@esbuild/linux-x64': [ '0.25.12' ],
53 silly audit   '@esbuild/netbsd-arm64': [ '0.25.12' ],
53 silly audit   '@esbuild/netbsd-x64': [ '0.25.12' ],
53 silly audit   '@esbuild/openbsd-arm64': [ '0.25.12' ],
53 silly audit   '@esbuild/openbsd-x64': [ '0.25.12' ],
53 silly audit   '@esbuild/openharmony-arm64': [ '0.25.12' ],
53 silly audit   '@esbuild/sunos-x64': [ '0.25.12' ],
53 silly audit   '@esbuild/win32-arm64': [ '0.25.12' ],
53 silly audit   '@esbuild/win32-ia32': [ '0.25.12' ],
53 silly audit   '@esbuild/win32-x64': [ '0.25.12' ],
53 silly audit   '@jridgewell/gen-mapping': [ '0.3.13' ],
53 silly audit   '@jridgewell/remapping': [ '2.3.5' ],
53 silly audit   '@jridgewell/resolve-uri': [ '3.1.2' ],
53 silly audit   '@jridgewell/sourcemap-codec': [ '1.5.5' ],
53 silly audit   '@jridgewell/trace-mapping': [ '0.3.31' ],
53 silly audit   '@rollup/rollup-android-arm-eabi': [ '4.54.0' ],
53 silly audit   '@rollup/rollup-android-arm64': [ '4.54.0' ],
53 silly audit   '@rollup/rollup-darwin-arm64': [ '4.54.0' ],
53 silly audit   '@rollup/rollup-darwin-x64': [ '4.54.0' ],
53 silly audit   '@rollup/rollup-freebsd-arm64': [ '4.54.0' ],
53 silly audit   '@rollup/rollup-freebsd-x64': [ '4.54.0' ],
53 silly audit   '@rollup/rollup-linux-arm-gnueabihf': [ '4.54.0' ],
53 silly audit   '@rollup/rollup-linux-arm-musleabihf': [ '4.54.0' ],
53 silly audit   '@rollup/rollup-linux-arm64-gnu': [ '4.54.0' ],
53 silly audit   '@rollup/rollup-linux-arm64-musl': [ '4.54.0' ],
53 silly audit   '@rollup/rollup-linux-loong64-gnu': [ '4.54.0' ],
53 silly audit   '@rollup/rollup-linux-ppc64-gnu': [ '4.54.0' ],
53 silly audit   '@rollup/rollup-linux-riscv64-gnu': [ '4.54.0' ],
53 silly audit   '@rollup/rollup-linux-riscv64-musl': [ '4.54.0' ],
53 silly audit   '@rollup/rollup-linux-s390x-gnu': [ '4.54.0' ],
53 silly audit   '@rollup/rollup-linux-x64-gnu': [ '4.54.0' ],
53 silly audit   '@rollup/rollup-linux-x64-musl': [ '4.54.0' ],
53 silly audit   '@rollup/rollup-openharmony-arm64': [ '4.54.0' ],
53 silly audit   '@rollup/rollup-win32-arm64-msvc': [ '4.54.0' ],
53 silly audit   '@rollup/rollup-win32-ia32-msvc': [ '4.54.0' ],
53 silly audit   '@rollup/rollup-win32-x64-gnu': [ '4.54.0' ],
53 silly audit   '@rollup/rollup-win32-x64-msvc': [ '4.54.0' ],
53 silly audit   '@tailwindcss/node': [ '4.1.18' ],
53 silly audit   '@tailwindcss/oxide': [ '4.1.18' ],
53 silly audit   '@tailwindcss/oxide-android-arm64': [ '4.1.18' ],
53 silly audit   '@tailwindcss/oxide-darwin-arm64': [ '4.1.18' ],
53 silly audit   '@tailwindcss/oxide-darwin-x64': [ '4.1.18' ],
53 silly audit   '@tailwindcss/oxide-freebsd-x64': [ '4.1.18' ],
53 silly audit   '@tailwindcss/oxide-linux-arm-gnueabihf': [ '4.1.18' ],
53 silly audit   '@tailwindcss/oxide-linux-arm64-gnu': [ '4.1.18' ],
53 silly audit   '@tailwindcss/oxide-linux-arm64-musl': [ '4.1.18' ],
53 silly audit   '@tailwindcss/oxide-linux-x64-gnu': [ '4.1.18' ],
53 silly audit   '@tailwindcss/oxide-linux-x64-musl': [ '4.1.18' ],
53 silly audit   '@tailwindcss/oxide-win32-arm64-msvc': [ '4.1.18' ],
53 silly audit   '@tailwindcss/oxide-win32-x64-msvc': [ '4.1.18' ],
53 silly audit   '@tailwindcss/vite': [ '4.1.18' ],
53 silly audit   '@types/estree': [ '1.0.8' ],
53 silly audit   'ansi-regex': [ '5.0.1' ],
53 silly audit   'ansi-styles': [ '4.3.0' ],
53 silly audit   asynckit: [ '0.4.0' ],
53 silly audit   axios: [ '1.13.2' ],
53 silly audit   'call-bind-apply-helpers': [ '1.0.2' ],
53 silly audit   chalk: [ '4.1.2' ],
53 silly audit   'supports-color': [ '7.2.0', '8.1.1' ],
53 silly audit   cliui: [ '8.0.1' ],
53 silly audit   'color-convert': [ '2.0.1' ],
53 silly audit   'color-name': [ '1.1.4' ],
53 silly audit   'combined-stream': [ '1.0.8' ],
53 silly audit   concurrently: [ '9.2.1' ],
53 silly audit   'delayed-stream': [ '1.0.0' ],
53 silly audit   'detect-libc': [ '2.1.2' ],
53 silly audit   'dunder-proto': [ '1.0.1' ],
53 silly audit   'emoji-regex': [ '8.0.0' ],
53 silly audit   'enhanced-resolve': [ '5.18.4' ],
53 silly audit   'es-define-property': [ '1.0.1' ],
53 silly audit   'es-errors': [ '1.3.0' ],
53 silly audit   'es-object-atoms': [ '1.1.1' ],
53 silly audit   'es-set-tostringtag': [ '2.1.0' ],
53 silly audit   esbuild: [ '0.25.12' ],
53 silly audit   escalade: [ '3.2.0' ],
53 silly audit   fdir: [ '6.5.0' ],
53 silly audit   'follow-redirects': [ '1.15.11' ],
53 silly audit   'form-data': [ '4.0.5' ],
53 silly audit   fsevents: [ '2.3.3' ],
53 silly audit   'function-bind': [ '1.1.2' ],
53 silly audit   'get-caller-file': [ '2.0.5' ],
53 silly audit   'get-intrinsic': [ '1.3.0' ],
53 silly audit   'get-proto': [ '1.0.1' ],
53 silly audit   gopd: [ '1.2.0' ],
53 silly audit   'graceful-fs': [ '4.2.11' ],
53 silly audit   'has-flag': [ '4.0.0' ],
53 silly audit   'has-symbols': [ '1.1.0' ],
53 silly audit   'has-tostringtag': [ '1.0.2' ],
53 silly audit   hasown: [ '2.0.2' ],
53 silly audit   'is-fullwidth-code-point': [ '3.0.0' ],
53 silly audit   jiti: [ '2.6.1' ],
53 silly audit   'laravel-vite-plugin': [ '1.3.0' ],
53 silly audit   lightningcss: [ '1.30.2' ],
53 silly audit   'lightningcss-android-arm64': [ '1.30.2' ],
53 silly audit   'lightningcss-darwin-arm64': [ '1.30.2' ],
53 silly audit   'lightningcss-darwin-x64': [ '1.30.2' ],
53 silly audit   'lightningcss-freebsd-x64': [ '1.30.2' ],
53 silly audit   'lightningcss-linux-arm-gnueabihf': [ '1.30.2' ],
53 silly audit   'lightningcss-linux-arm64-gnu': [ '1.30.2' ],
53 silly audit   'lightningcss-linux-arm64-musl': [ '1.30.2' ],
53 silly audit   'lightningcss-linux-x64-gnu': [ '1.30.2' ],
53 silly audit   'lightningcss-linux-x64-musl': [ '1.30.2' ],
53 silly audit   'lightningcss-win32-arm64-msvc': [ '1.30.2' ],
53 silly audit   'lightningcss-win32-x64-msvc': [ '1.30.2' ],
53 silly audit   'magic-string': [ '0.30.21' ],
53 silly audit   'math-intrinsics': [ '1.1.0' ],
53 silly audit   'mime-db': [ '1.52.0' ],
53 silly audit   'mime-types': [ '2.1.35' ],
53 silly audit   nanoid: [ '3.3.11' ],
53 silly audit   picocolors: [ '1.1.1' ],
53 silly audit   picomatch: [ '4.0.3', '2.3.1' ],
53 silly audit   postcss: [ '8.5.6' ],
53 silly audit   'proxy-from-env': [ '1.1.0' ],
53 silly audit   'require-directory': [ '2.1.1' ],
53 silly audit   rollup: [ '4.54.0' ],
53 silly audit   rxjs: [ '7.8.2' ],
53 silly audit   'shell-quote': [ '1.8.3' ],
53 silly audit   'source-map-js': [ '1.2.1' ],
53 silly audit   'string-width': [ '4.2.3' ],
53 silly audit   'strip-ansi': [ '6.0.1' ],
53 silly audit   tailwindcss: [ '4.1.18' ],
53 silly audit   tapable: [ '2.3.0' ],
53 silly audit   tinyglobby: [ '0.2.15' ],
53 silly audit   'tree-kill': [ '1.2.2' ],
53 silly audit   tslib: [ '2.8.1' ],
53 silly audit   vite: [ '6.4.1' ],
53 silly audit   'vite-plugin-full-reload': [ '1.2.0' ],
53 silly audit   'wrap-ansi': [ '7.0.0' ],
53 silly audit   y18n: [ '5.0.8' ],
53 silly audit   yargs: [ '17.7.2' ],
53 silly audit   'yargs-parser': [ '21.1.1' ],
53 silly audit   '@tailwindcss/oxide-wasm32-wasi': [ '4.1.18' ]
53 silly audit }
54 verbose reify failed optional dependency /var/www/node_modules/lightningcss-win32-arm64-msvc
55 silly reify mark deleted [ '/var/www/node_modules/lightningcss-win32-arm64-msvc' ]
56 verbose reify failed optional dependency /var/www/node_modules/lightningcss-linux-arm64-musl
57 silly reify mark deleted [ '/var/www/node_modules/lightningcss-linux-arm64-musl' ]
58 verbose reify failed optional dependency /var/www/node_modules/lightningcss-linux-arm64-gnu
59 silly reify mark deleted [ '/var/www/node_modules/lightningcss-linux-arm64-gnu' ]
60 verbose reify failed optional dependency /var/www/node_modules/lightningcss-linux-arm-gnueabihf
61 silly reify mark deleted [ '/var/www/node_modules/lightningcss-linux-arm-gnueabihf' ]
62 verbose reify failed optional dependency /var/www/node_modules/lightningcss-freebsd-x64
63 silly reify mark deleted [ '/var/www/node_modules/lightningcss-freebsd-x64' ]
64 verbose reify failed optional dependency /var/www/node_modules/lightningcss-darwin-x64
65 silly reify mark deleted [ '/var/www/node_modules/lightningcss-darwin-x64' ]
66 verbose reify failed optional dependency /var/www/node_modules/lightningcss-darwin-arm64
67 silly reify mark deleted [ '/var/www/node_modules/lightningcss-darwin-arm64' ]
68 verbose reify failed optional dependency /var/www/node_modules/lightningcss-android-arm64
69 silly reify mark deleted [ '/var/www/node_modules/lightningcss-android-arm64' ]
70 verbose reify failed optional dependency /var/www/node_modules/fsevents
71 silly reify mark deleted [ '/var/www/node_modules/fsevents' ]
72 verbose reify failed optional dependency /var/www/node_modules/@tailwindcss/oxide-win32-arm64-msvc
73 silly reify mark deleted [ '/var/www/node_modules/@tailwindcss/oxide-win32-arm64-msvc' ]
74 verbose reify failed optional dependency /var/www/node_modules/@tailwindcss/oxide-linux-arm64-musl
75 silly reify mark deleted [ '/var/www/node_modules/@tailwindcss/oxide-linux-arm64-musl' ]
76 verbose reify failed optional dependency /var/www/node_modules/@tailwindcss/oxide-linux-arm64-gnu
77 silly reify mark deleted [ '/var/www/node_modules/@tailwindcss/oxide-linux-arm64-gnu' ]
78 verbose reify failed optional dependency /var/www/node_modules/@tailwindcss/oxide-linux-arm-gnueabihf
79 silly reify mark deleted [ '/var/www/node_modules/@tailwindcss/oxide-linux-arm-gnueabihf' ]
80 verbose reify failed optional dependency /var/www/node_modules/@tailwindcss/oxide-freebsd-x64
81 silly reify mark deleted [ '/var/www/node_modules/@tailwindcss/oxide-freebsd-x64' ]
82 verbose reify failed optional dependency /var/www/node_modules/@tailwindcss/oxide-darwin-x64
83 silly reify mark deleted [ '/var/www/node_modules/@tailwindcss/oxide-darwin-x64' ]
84 verbose reify failed optional dependency /var/www/node_modules/@tailwindcss/oxide-darwin-arm64
85 silly reify mark deleted [ '/var/www/node_modules/@tailwindcss/oxide-darwin-arm64' ]
86 verbose reify failed optional dependency /var/www/node_modules/@tailwindcss/oxide-android-arm64
87 silly reify mark deleted [ '/var/www/node_modules/@tailwindcss/oxide-android-arm64' ]
88 verbose reify failed optional dependency /var/www/node_modules/@rollup/rollup-win32-ia32-msvc
89 silly reify mark deleted [ '/var/www/node_modules/@rollup/rollup-win32-ia32-msvc' ]
90 verbose reify failed optional dependency /var/www/node_modules/@rollup/rollup-win32-arm64-msvc
91 silly reify mark deleted [ '/var/www/node_modules/@rollup/rollup-win32-arm64-msvc' ]
92 verbose reify failed optional dependency /var/www/node_modules/@rollup/rollup-openharmony-arm64
93 silly reify mark deleted [ '/var/www/node_modules/@rollup/rollup-openharmony-arm64' ]
94 verbose reify failed optional dependency /var/www/node_modules/@rollup/rollup-linux-s390x-gnu
95 silly reify mark deleted [ '/var/www/node_modules/@rollup/rollup-linux-s390x-gnu' ]
96 verbose reify failed optional dependency /var/www/node_modules/@rollup/rollup-linux-riscv64-musl
97 silly reify mark deleted [ '/var/www/node_modules/@rollup/rollup-linux-riscv64-musl' ]
98 verbose reify failed optional dependency /var/www/node_modules/@rollup/rollup-linux-riscv64-gnu
99 silly reify mark deleted [ '/var/www/node_modules/@rollup/rollup-linux-riscv64-gnu' ]
100 verbose reify failed optional dependency /var/www/node_modules/@rollup/rollup-linux-ppc64-gnu
101 silly reify mark deleted [ '/var/www/node_modules/@rollup/rollup-linux-ppc64-gnu' ]
102 verbose reify failed optional dependency /var/www/node_modules/@rollup/rollup-linux-loong64-gnu
103 silly reify mark deleted [ '/var/www/node_modules/@rollup/rollup-linux-loong64-gnu' ]
104 verbose reify failed optional dependency /var/www/node_modules/@rollup/rollup-linux-arm64-musl
105 silly reify mark deleted [ '/var/www/node_modules/@rollup/rollup-linux-arm64-musl' ]
106 verbose reify failed optional dependency /var/www/node_modules/@rollup/rollup-linux-arm64-gnu
107 silly reify mark deleted [ '/var/www/node_modules/@rollup/rollup-linux-arm64-gnu' ]
108 verbose reify failed optional dependency /var/www/node_modules/@rollup/rollup-linux-arm-musleabihf
109 silly reify mark deleted [ '/var/www/node_modules/@rollup/rollup-linux-arm-musleabihf' ]
110 verbose reify failed optional dependency /var/www/node_modules/@rollup/rollup-linux-arm-gnueabihf
111 silly reify mark deleted [ '/var/www/node_modules/@rollup/rollup-linux-arm-gnueabihf' ]
112 verbose reify failed optional dependency /var/www/node_modules/@rollup/rollup-freebsd-x64
113 silly reify mark deleted [ '/var/www/node_modules/@rollup/rollup-freebsd-x64' ]
114 verbose reify failed optional dependency /var/www/node_modules/@rollup/rollup-freebsd-arm64
115 silly reify mark deleted [ '/var/www/node_modules/@rollup/rollup-freebsd-arm64' ]
116 verbose reify failed optional dependency /var/www/node_modules/@rollup/rollup-darwin-x64
117 silly reify mark deleted [ '/var/www/node_modules/@rollup/rollup-darwin-x64' ]
118 verbose reify failed optional dependency /var/www/node_modules/@rollup/rollup-darwin-arm64
119 silly reify mark deleted [ '/var/www/node_modules/@rollup/rollup-darwin-arm64' ]
120 verbose reify failed optional dependency /var/www/node_modules/@rollup/rollup-android-arm64
121 silly reify mark deleted [ '/var/www/node_modules/@rollup/rollup-android-arm64' ]
122 verbose reify failed optional dependency /var/www/node_modules/@rollup/rollup-android-arm-eabi
123 silly reify mark deleted [ '/var/www/node_modules/@rollup/rollup-android-arm-eabi' ]
124 verbose reify failed optional dependency /var/www/node_modules/@esbuild/win32-ia32
125 silly reify mark deleted [ '/var/www/node_modules/@esbuild/win32-ia32' ]
126 verbose reify failed optional dependency /var/www/node_modules/@esbuild/win32-arm64
127 silly reify mark deleted [ '/var/www/node_modules/@esbuild/win32-arm64' ]
128 verbose reify failed optional dependency /var/www/node_modules/@esbuild/sunos-x64
129 silly reify mark deleted [ '/var/www/node_modules/@esbuild/sunos-x64' ]
130 verbose reify failed optional dependency /var/www/node_modules/@esbuild/openharmony-arm64
131 silly reify mark deleted [ '/var/www/node_modules/@esbuild/openharmony-arm64' ]
132 verbose reify failed optional dependency /var/www/node_modules/@esbuild/openbsd-x64
133 silly reify mark deleted [ '/var/www/node_modules/@esbuild/openbsd-x64' ]
134 verbose reify failed optional dependency /var/www/node_modules/@esbuild/openbsd-arm64
135 silly reify mark deleted [ '/var/www/node_modules/@esbuild/openbsd-arm64' ]
136 verbose reify failed optional dependency /var/www/node_modules/@esbuild/netbsd-x64
137 silly reify mark deleted [ '/var/www/node_modules/@esbuild/netbsd-x64' ]
138 verbose reify failed optional dependency /var/www/node_modules/@esbuild/netbsd-arm64
139 silly reify mark deleted [ '/var/www/node_modules/@esbuild/netbsd-arm64' ]
140 verbose reify failed optional dependency /var/www/node_modules/@esbuild/linux-s390x
141 silly reify mark deleted [ '/var/www/node_modules/@esbuild/linux-s390x' ]
142 verbose reify failed optional dependency /var/www/node_modules/@esbuild/linux-riscv64
143 silly reify mark deleted [ '/var/www/node_modules/@esbuild/linux-riscv64' ]
144 verbose reify failed optional dependency /var/www/node_modules/@esbuild/linux-ppc64
145 silly reify mark deleted [ '/var/www/node_modules/@esbuild/linux-ppc64' ]
146 verbose reify failed optional dependency /var/www/node_modules/@esbuild/linux-mips64el
147 silly reify mark deleted [ '/var/www/node_modules/@esbuild/linux-mips64el' ]
148 verbose reify failed optional dependency /var/www/node_modules/@esbuild/linux-loong64
149 silly reify mark deleted [ '/var/www/node_modules/@esbuild/linux-loong64' ]
150 verbose reify failed optional dependency /var/www/node_modules/@esbuild/linux-ia32
151 silly reify mark deleted [ '/var/www/node_modules/@esbuild/linux-ia32' ]
152 verbose reify failed optional dependency /var/www/node_modules/@esbuild/linux-arm64
153 silly reify mark deleted [ '/var/www/node_modules/@esbuild/linux-arm64' ]
154 verbose reify failed optional dependency /var/www/node_modules/@esbuild/linux-arm
155 silly reify mark deleted [ '/var/www/node_modules/@esbuild/linux-arm' ]
156 verbose reify failed optional dependency /var/www/node_modules/@esbuild/freebsd-x64
157 silly reify mark deleted [ '/var/www/node_modules/@esbuild/freebsd-x64' ]
158 verbose reify failed optional dependency /var/www/node_modules/@esbuild/freebsd-arm64
159 silly reify mark deleted [ '/var/www/node_modules/@esbuild/freebsd-arm64' ]
160 verbose reify failed optional dependency /var/www/node_modules/@esbuild/darwin-x64
161 silly reify mark deleted [ '/var/www/node_modules/@esbuild/darwin-x64' ]
162 verbose reify failed optional dependency /var/www/node_modules/@esbuild/darwin-arm64
163 silly reify mark deleted [ '/var/www/node_modules/@esbuild/darwin-arm64' ]
164 verbose reify failed optional dependency /var/www/node_modules/@esbuild/android-x64
165 silly reify mark deleted [ '/var/www/node_modules/@esbuild/android-x64' ]
166 verbose reify failed optional dependency /var/www/node_modules/@esbuild/android-arm64
167 silly reify mark deleted [ '/var/www/node_modules/@esbuild/android-arm64' ]
168 verbose reify failed optional dependency /var/www/node_modules/@esbuild/android-arm
169 silly reify mark deleted [ '/var/www/node_modules/@esbuild/android-arm' ]
170 verbose reify failed optional dependency /var/www/node_modules/@esbuild/aix-ppc64
171 silly reify mark deleted [ '/var/www/node_modules/@esbuild/aix-ppc64' ]
172 timing reifyNode:node_modules/lightningcss-win32-arm64-msvc Completed in 60ms
173 timing reifyNode:node_modules/lightningcss-linux-arm64-musl Completed in 60ms
174 timing reifyNode:node_modules/lightningcss-linux-arm64-gnu Completed in 60ms
175 timing reifyNode:node_modules/lightningcss-linux-arm-gnueabihf Completed in 60ms
176 timing reifyNode:node_modules/lightningcss-freebsd-x64 Completed in 61ms
177 timing reifyNode:node_modules/lightningcss-darwin-x64 Completed in 61ms
178 timing reifyNode:node_modules/lightningcss-darwin-arm64 Completed in 61ms
179 timing reifyNode:node_modules/lightningcss-android-arm64 Completed in 61ms
180 timing reifyNode:node_modules/fsevents Completed in 61ms
181 timing reifyNode:node_modules/@tailwindcss/oxide-win32-arm64-msvc Completed in 61ms
182 timing reifyNode:node_modules/@tailwindcss/oxide-linux-arm64-musl Completed in 61ms
183 timing reifyNode:node_modules/@tailwindcss/oxide-linux-arm64-gnu Completed in 61ms
184 timing reifyNode:node_modules/@tailwindcss/oxide-linux-arm-gnueabihf Completed in 61ms
185 timing reifyNode:node_modules/@tailwindcss/oxide-freebsd-x64 Completed in 61ms
186 timing reifyNode:node_modules/@tailwindcss/oxide-darwin-x64 Completed in 61ms
187 timing reifyNode:node_modules/@tailwindcss/oxide-darwin-arm64 Completed in 62ms
188 timing reifyNode:node_modules/@tailwindcss/oxide-android-arm64 Completed in 62ms
189 timing reifyNode:node_modules/@rollup/rollup-win32-ia32-msvc Completed in 62ms
190 timing reifyNode:node_modules/@rollup/rollup-win32-arm64-msvc Completed in 62ms
191 timing reifyNode:node_modules/@rollup/rollup-openharmony-arm64 Completed in 62ms
192 timing reifyNode:node_modules/@rollup/rollup-linux-s390x-gnu Completed in 63ms
193 timing reifyNode:node_modules/@rollup/rollup-linux-riscv64-musl Completed in 63ms
194 timing reifyNode:node_modules/@rollup/rollup-linux-riscv64-gnu Completed in 63ms
195 timing reifyNode:node_modules/@rollup/rollup-linux-ppc64-gnu Completed in 63ms
196 timing reifyNode:node_modules/@rollup/rollup-linux-loong64-gnu Completed in 63ms
197 timing reifyNode:node_modules/@rollup/rollup-linux-arm64-musl Completed in 63ms
198 timing reifyNode:node_modules/@rollup/rollup-linux-arm64-gnu Completed in 64ms
199 timing reifyNode:node_modules/@rollup/rollup-linux-arm-musleabihf Completed in 64ms
200 timing reifyNode:node_modules/@rollup/rollup-linux-arm-gnueabihf Completed in 64ms
201 timing reifyNode:node_modules/@rollup/rollup-freebsd-x64 Completed in 64ms
202 timing reifyNode:node_modules/@rollup/rollup-freebsd-arm64 Completed in 64ms
203 timing reifyNode:node_modules/@rollup/rollup-darwin-x64 Completed in 64ms
204 timing reifyNode:node_modules/@rollup/rollup-darwin-arm64 Completed in 64ms
205 timing reifyNode:node_modules/@rollup/rollup-android-arm64 Completed in 65ms
206 timing reifyNode:node_modules/@rollup/rollup-android-arm-eabi Completed in 65ms
207 timing reifyNode:node_modules/@esbuild/win32-ia32 Completed in 65ms
208 timing reifyNode:node_modules/@esbuild/win32-arm64 Completed in 65ms
209 timing reifyNode:node_modules/@esbuild/sunos-x64 Completed in 65ms
210 timing reifyNode:node_modules/@esbuild/openharmony-arm64 Completed in 65ms
211 timing reifyNode:node_modules/@esbuild/openbsd-x64 Completed in 66ms
212 timing reifyNode:node_modules/@esbuild/openbsd-arm64 Completed in 66ms
213 timing reifyNode:node_modules/@esbuild/netbsd-x64 Completed in 66ms
214 timing reifyNode:node_modules/@esbuild/netbsd-arm64 Completed in 66ms
215 timing reifyNode:node_modules/@esbuild/linux-s390x Completed in 65ms
216 timing reifyNode:node_modules/@esbuild/linux-riscv64 Completed in 65ms
217 timing reifyNode:node_modules/@esbuild/linux-ppc64 Completed in 66ms
218 timing reifyNode:node_modules/@esbuild/linux-mips64el Completed in 66ms
219 timing reifyNode:node_modules/@esbuild/linux-loong64 Completed in 66ms
220 timing reifyNode:node_modules/@esbuild/linux-ia32 Completed in 66ms
221 timing reifyNode:node_modules/@esbuild/linux-arm64 Completed in 67ms
222 timing reifyNode:node_modules/@esbuild/linux-arm Completed in 67ms
223 timing reifyNode:node_modules/@esbuild/freebsd-x64 Completed in 67ms
224 timing reifyNode:node_modules/@esbuild/freebsd-arm64 Completed in 67ms
225 timing reifyNode:node_modules/@esbuild/darwin-x64 Completed in 67ms
226 timing reifyNode:node_modules/@esbuild/darwin-arm64 Completed in 67ms
227 timing reifyNode:node_modules/@esbuild/android-x64 Completed in 68ms
228 timing reifyNode:node_modules/@esbuild/android-arm64 Completed in 68ms
229 timing reifyNode:node_modules/@esbuild/android-arm Completed in 68ms
230 timing reifyNode:node_modules/@esbuild/aix-ppc64 Completed in 68ms
231 silly tarball no local data for lightningcss-linux-x64-musl@https://registry.npmjs.org/lightningcss-linux-x64-musl/-/lightningcss-linux-x64-musl-1.30.2.tgz. Extracting by manifest.
232 silly tarball no local data for lightningcss-linux-x64-gnu@https://registry.npmjs.org/lightningcss-linux-x64-gnu/-/lightningcss-linux-x64-gnu-1.30.2.tgz. Extracting by manifest.
233 silly tarball no local data for @tailwindcss/oxide-linux-x64-musl@https://registry.npmjs.org/@tailwindcss/oxide-linux-x64-musl/-/oxide-linux-x64-musl-4.1.18.tgz. Extracting by manifest.
234 silly tarball no local data for @tailwindcss/oxide-linux-x64-gnu@https://registry.npmjs.org/@tailwindcss/oxide-linux-x64-gnu/-/oxide-linux-x64-gnu-4.1.18.tgz. Extracting by manifest.
235 silly tarball no local data for @rollup/rollup-linux-x64-gnu@https://registry.npmjs.org/@rollup/rollup-linux-x64-gnu/-/rollup-linux-x64-gnu-4.54.0.tgz. Extracting by manifest.
236 silly tarball no local data for @rollup/rollup-linux-x64-musl@https://registry.npmjs.org/@rollup/rollup-linux-x64-musl/-/rollup-linux-x64-musl-4.54.0.tgz. Extracting by manifest.
237 silly tarball no local data for @esbuild/linux-x64@https://registry.npmjs.org/@esbuild/linux-x64/-/linux-x64-0.25.12.tgz. Extracting by manifest.
238 http fetch POST 200 https://registry.npmjs.org/-/npm/v1/security/advisories/bulk 661ms
239 timing auditReport:getReport Completed in 664ms
240 silly audit report {}
241 timing auditReport:init Completed in 0ms
242 timing reify:audit Completed in 665ms
243 http fetch GET 200 https://registry.npmjs.org/@rollup/rollup-linux-x64-gnu/-/rollup-linux-x64-gnu-4.54.0.tgz 1353ms (cache miss)
244 timing reifyNode:node_modules/@rollup/rollup-linux-x64-gnu Completed in 1442ms
245 http fetch GET 200 https://registry.npmjs.org/@rollup/rollup-linux-x64-musl/-/rollup-linux-x64-musl-4.54.0.tgz 1353ms (cache miss)
246 timing reifyNode:node_modules/@rollup/rollup-linux-x64-musl Completed in 1443ms
247 http fetch GET 200 https://registry.npmjs.org/@tailwindcss/oxide-linux-x64-musl/-/oxide-linux-x64-musl-4.1.18.tgz 1377ms (cache miss)
248 timing reifyNode:node_modules/@tailwindcss/oxide-linux-x64-musl Completed in 1465ms
249 http fetch GET 200 https://registry.npmjs.org/@tailwindcss/oxide-linux-x64-gnu/-/oxide-linux-x64-gnu-4.1.18.tgz 1536ms (cache miss)
250 timing reifyNode:node_modules/@tailwindcss/oxide-linux-x64-gnu Completed in 1624ms
251 http fetch GET 200 https://registry.npmjs.org/lightningcss-linux-x64-gnu/-/lightningcss-linux-x64-gnu-1.30.2.tgz 1771ms (cache miss)
252 timing reifyNode:node_modules/lightningcss-linux-x64-gnu Completed in 1854ms
253 http fetch GET 200 https://registry.npmjs.org/lightningcss-linux-x64-musl/-/lightningcss-linux-x64-musl-1.30.2.tgz 1849ms (cache miss)
254 timing reifyNode:node_modules/lightningcss-linux-x64-musl Completed in 1930ms
255 http fetch GET 200 https://registry.npmjs.org/@esbuild/linux-x64/-/linux-x64-0.25.12.tgz 2144ms (cache miss)
256 timing reifyNode:node_modules/@esbuild/linux-x64 Completed in 2240ms
257 timing reify:unpack Completed in 2243ms
258 timing reify:unretire Completed in 1ms
259 timing build:queue Completed in 23ms
260 timing build:deps Completed in 23ms
261 timing build Completed in 25ms
262 timing reify:build Completed in 25ms
263 timing reify:trash Completed in 166ms
264 timing reify:save Completed in 24ms
265 timing reify Completed in 3040ms
266 silly ADD
267 silly ADD node_modules/lightningcss-linux-x64-musl
268 silly ADD node_modules/lightningcss-linux-x64-gnu
269 silly ADD
270 silly ADD
271 silly ADD
272 silly ADD
273 silly ADD
274 silly ADD
275 silly ADD
276 silly ADD
277 silly ADD
278 silly ADD
279 silly ADD node_modules/@tailwindcss/oxide-linux-x64-musl
280 silly ADD node_modules/@tailwindcss/oxide-linux-x64-gnu
281 silly ADD
282 silly ADD
283 silly ADD
284 silly ADD
285 silly ADD
286 silly ADD
287 silly ADD
288 silly ADD
289 silly ADD
290 silly ADD
291 silly ADD node_modules/@rollup/rollup-linux-x64-musl
292 silly ADD node_modules/@rollup/rollup-linux-x64-gnu
293 silly ADD
294 silly ADD
295 silly ADD
296 silly ADD
297 silly ADD
298 silly ADD
299 silly ADD
300 silly ADD
301 silly ADD
302 silly ADD
303 silly ADD
304 silly ADD
305 silly ADD
306 silly ADD
307 silly ADD
308 silly ADD
309 silly ADD
310 silly ADD
311 silly ADD
312 silly ADD
313 silly ADD
314 silly ADD
315 silly ADD
316 silly ADD node_modules/@esbuild/linux-x64
317 silly ADD
318 silly ADD
319 silly ADD
320 silly ADD
321 silly ADD
322 silly ADD
323 silly ADD
324 silly ADD
325 silly ADD
326 silly ADD
327 silly ADD
328 silly ADD
329 silly ADD
330 silly ADD
331 silly ADD
332 silly ADD
333 timing command:install Completed in 3081ms
334 verbose exit 0
335 timing npm Completed in 3119ms
336 info ok
